This is pdfTeX, Version 3.14159265-2.6-1.40.17 (TeX Live 2016) (preloaded format=latex 2016.7.28)  28 JUL 2016 15:37
entering extended mode
 restricted \write18 enabled.
 %&-line parsing enabled.
**beamerthememetropolis.ins
(./beamerthememetropolis.ins
LaTeX2e <2016/03/31> patch level 2
Babel <3.9r> and hyphenation patterns for 83 language(s) loaded.
(/usr/local/texlive/2016/texmf-dist/tex/latex/base/docstrip.tex
\blockLevel=\count79
\emptyLines=\count80
\processedLines=\count81
\commentsRemoved=\count82
\commentsPassed=\count83
\codeLinesPassed=\count84
\TotalprocessedLines=\count85
\TotalcommentsRemoved=\count86
\TotalcommentsPassed=\count87
\TotalcodeLinesPassed=\count88
\NumberOfFiles=\count89
\inFile=\read1
\inputcheck=\read2
\off@0=\count90
\off@1=\count91
\off@2=\count92
\off@3=\count93
\off@4=\count94
\off@5=\count95
\off@6=\count96
\off@7=\count97
\off@8=\count98
\off@9=\count99
\off@10=\count100
\off@11=\count101
\off@12=\count102
\off@13=\count103
\off@14=\count104
\off@15=\count105
\@maxfiles=\count106
\@maxoutfiles=\count107

Utility: `docstrip' 2.5e <2014/09/29>
English documentation    <2014/09/29>

**********************************************************
* This program converts documented macro-files into fast *
* loadable files by stripping off (nearly) all comments! *
**********************************************************

********************************************************
* No Configuration file found, using default settings. *
********************************************************

)

Generating file(s) ./beamerthememetropolis.sty 
\openout0 = `./beamerthememetropolis.sty'.


Processing file beamerthememetropolis.dtx (package) -> beamerthememetropolis.st
y
File beamerthememetropolis.dtx ended by \endinput.
Lines  processed: 203
Comments removed: 115
Comments  passed: 0
Codelines passed: 84


Generating file(s) ./beamerinnerthememetropolis.sty 
\openout0 = `./beamerinnerthememetropolis.sty'.


Processing file beamerinnerthememetropolis.dtx (package) -> beamerinnerthememet
ropolis.sty
File beamerinnerthememetropolis.dtx ended by \endinput.
Lines  processed: 584
Comments removed: 319
Comments  passed: 0
Codelines passed: 261


Generating file(s) ./beamerouterthememetropolis.sty 
\openout0 = `./beamerouterthememetropolis.sty'.


Processing file beamerouterthememetropolis.dtx (package) -> beamerouterthememet
ropolis.sty
File beamerouterthememetropolis.dtx ended by \endinput.
Lines  processed: 233
Comments removed: 117
Comments  passed: 0
Codelines passed: 112


Generating file(s) ./beamerfontthememetropolis.sty 
\openout0 = `./beamerfontthememetropolis.sty'.


Processing file beamerfontthememetropolis.dtx (package) -> beamerfontthememetro
polis.sty
File beamerfontthememetropolis.dtx ended by \endinput.
Lines  processed: 413
Comments removed: 141
Comments  passed: 0
Codelines passed: 268


Generating file(s) ./beamercolorthememetropolis.sty 
\openout0 = `./beamercolorthememetropolis.sty'.


Processing file beamercolorthememetropolis.dtx (package) -> beamercolorthememet
ropolis.sty
File beamercolorthememetropolis.dtx ended by \endinput.
Lines  processed: 239
Comments removed: 123
Comments  passed: 0
Codelines passed: 112


Generating file(s) ./pgfplotsthemetol.sty 
\openout0 = `./pgfplotsthemetol.sty'.


Processing file pgfplotsthemetol.dtx (package) -> pgfplotsthemetol.sty
File pgfplotsthemetol.dtx ended by \endinput.
Lines  processed: 189
Comments removed: 77
Comments  passed: 0
Codelines passed: 102

**************************************************************
*                                                            *
* To finish the installation you have to move the following  *
* files into a directory searched by TeX:                    *
*                                                            *
*     beamerthememetropolis.sty                              *
*     beamerinnerthememetropolis.sty                         *
*     beamerouterthememetropolis.sty                         *
*     beamerfontthememetropolis.sty                          *
*     beamercolorthememetropolis.sty                         *
*     pgfplotsthemetol.sty                                   *
*                                                            *
* To produce the documentation run the file mtheme.dtx       *
* through LaTeX.                                             *
*                                                            *
* Happy TeXing!                                              *
*                                                            *
**************************************************************
Overall statistics:
Files  processed: 6
Lines  processed: 1861
Comments removed: 892
Comments  passed: 0
Codelines passed: 939
 ) 
Here is how much of TeX's memory you used:
 361 strings out of 493014
 4831 string characters out of 6133369
 58485 words of memory out of 5000000
 3994 multiletter control sequences out of 15000+600000
 3640 words of font info for 14 fonts, out of 8000000 for 9000
 1141 hyphenation exceptions out of 8191
 11i,0n,15p,131b,114s stack positions out of 5000i,500n,10000p,200000b,80000s

No pages of output.
